DoYouLoveMe/app/build/intermediates/manifest_merge_blame_file/debug/processDebugMainManifest/manifest-merger-blame-debug-report.txt
1<?xml version="1.0" encoding="utf-8"?>
2<manifest xmlns:android="http://schemas.android.com/apk/res/android"
3    package="com.example.doyouloveme"
4    android:versionCode="1"
5    android:versionName="1.0" >
6
7    <uses-sdk
8        android:minSdkVersion="24"
9        android:targetSdkVersion="35" />
10
11    <uses-permission android:name="android.permission.INTERNET" />
11-->src\main\AndroidManifest.xml:5:5-67
11-->src\main\AndroidManifest.xml:5:22-64
12    <uses-permission android:name="android.permission.POST_NOTIFICATIONS" />
12-->src\main\AndroidManifest.xml:6:5-77
12-->src\main\AndroidManifest.xml:6:22-74
13    <uses-permission android:name="android.permission.ACCESS_FINE_LOCATION" />
13-->src\main\AndroidManifest.xml:7:5-78
13-->src\main\AndroidManifest.xml:7:22-76
14    <uses-permission android:name="android.permission.ACCESS_COARSE_LOCATION" />
14-->src\main\AndroidManifest.xml:8:5-80
14-->src\main\AndroidManifest.xml:8:22-78
15    <uses-permission android:name="android.permission.ACCESS_NETWORK_STATE" /> <!-- Used to check if a browser is available before launching phone auth -->
15-->[com.firebaseui:firebase-ui-auth:8.0.2] AndroidManifest.xml:10:5-79
15-->[com.firebaseui:firebase-ui-auth:8.0.2] AndroidManifest.xml:10:22-76
16    <!-- See ui/phone/PhoneNumberVerificationHandler.isBrowserAvailable() -->
17    <queries>
17-->[com.firebaseui:firebase-ui-auth:8.0.2] AndroidManifest.xml:15:5-23:15
18        <intent>
18-->[com.firebaseui:firebase-ui-auth:8.0.2] AndroidManifest.xml:16:9-22:18
19            <action android:name="android.intent.action.VIEW" />
19-->[com.firebaseui:firebase-ui-auth:8.0.2] AndroidManifest.xml:17:13-65
19-->[com.firebaseui:firebase-ui-auth:8.0.2] AndroidManifest.xml:17:21-62
20
21            <category android:name="android.intent.category.BROWSABLE" />
21-->[com.firebaseui:firebase-ui-auth:8.0.2] AndroidManifest.xml:19:13-74
21-->[com.firebaseui:firebase-ui-auth:8.0.2] AndroidManifest.xml:19:23-71
22
23            <data android:scheme="http" />
23-->[com.firebaseui:firebase-ui-auth:8.0.2] AndroidManifest.xml:21:13-43
23-->[com.firebaseui:firebase-ui-auth:8.0.2] AndroidManifest.xml:21:19-40
24        </intent>
25        <intent>
25-->[com.google.androidbrowserhelper:androidbrowserhelper:2.5.0] AndroidManifest.xml:27:9-33:18
26            <action android:name="android.intent.action.VIEW" />
26-->[com.firebaseui:firebase-ui-auth:8.0.2] AndroidManifest.xml:17:13-65
26-->[com.firebaseui:firebase-ui-auth:8.0.2] AndroidManifest.xml:17:21-62
27
28            <category android:name="android.intent.category.BROWSABLE" />
28-->[com.firebaseui:firebase-ui-auth:8.0.2] AndroidManifest.xml:19:13-74
28-->[com.firebaseui:firebase-ui-auth:8.0.2] AndroidManifest.xml:19:23-71
29
30            <data android:scheme="https" />
30-->[com.firebaseui:firebase-ui-auth:8.0.2] AndroidManifest.xml:21:13-43
30-->[com.firebaseui:firebase-ui-auth:8.0.2] AndroidManifest.xml:21:19-40
31        </intent>
32    </queries>
33
34    <uses-permission android:name="android.permission.WAKE_LOCK" />
34-->[com.google.android.gms:play-services-measurement-api:22.1.2] AndroidManifest.xml:24:5-68
34-->[com.google.android.gms:play-services-measurement-api:22.1.2] AndroidManifest.xml:24:22-65
35    <uses-permission android:name="com.google.android.gms.permission.AD_ID" />
35-->[com.google.android.gms:play-services-measurement-api:22.1.2] AndroidManifest.xml:25:5-79
35-->[com.google.android.gms:play-services-measurement-api:22.1.2] AndroidManifest.xml:25:22-76
36    <uses-permission android:name="android.permission.ACCESS_ADSERVICES_ATTRIBUTION" />
36-->[com.google.android.gms:play-services-measurement-api:22.1.2] AndroidManifest.xml:26:5-88
36-->[com.google.android.gms:play-services-measurement-api:22.1.2] AndroidManifest.xml:26:22-85
37    <uses-permission android:name="android.permission.ACCESS_ADSERVICES_AD_ID" />
37-->[com.google.android.gms:play-services-measurement-api:22.1.2] AndroidManifest.xml:27:5-82
37-->[com.google.android.gms:play-services-measurement-api:22.1.2] AndroidManifest.xml:27:22-79
38    <uses-permission android:name="com.google.android.finsky.permission.BIND_GET_INSTALL_REFERRER_SERVICE" />
38-->[com.google.android.gms:play-services-measurement:22.1.2] AndroidManifest.xml:26:5-110
38-->[com.google.android.gms:play-services-measurement:22.1.2] AndroidManifest.xml:26:22-107
39    <uses-permission android:name="com.google.android.providers.gsf.permission.READ_GSERVICES" />
39-->[com.google.android.recaptcha:recaptcha:18.5.1] AndroidManifest.xml:9:5-98
39-->[com.google.android.recaptcha:recaptcha:18.5.1] AndroidManifest.xml:9:22-95
40
41    <permission
41-->[androidx.core:core:1.15.0] AndroidManifest.xml:22:5-24:47
42        android:name="com.example.doyouloveme.DYNAMIC_RECEIVER_NOT_EXPORTED_PERMISSION"
42-->[androidx.core:core:1.15.0] AndroidManifest.xml:23:9-81
43        android:protectionLevel="signature" />
43-->[androidx.core:core:1.15.0] AndroidManifest.xml:24:9-44
44
45    <uses-permission android:name="com.example.doyouloveme.DYNAMIC_RECEIVER_NOT_EXPORTED_PERMISSION" />
45-->[androidx.core:core:1.15.0] AndroidManifest.xml:26:5-97
45-->[androidx.core:core:1.15.0] AndroidManifest.xml:26:22-94
46
47    <application
47-->src\main\AndroidManifest.xml:11:5-39:19
48        android:name="com.example.doyouloveme.BitFitApplication"
48-->src\main\AndroidManifest.xml:13:9-42
49        android:allowBackup="true"
49-->src\main\AndroidManifest.xml:14:9-35
50        android:appComponentFactory="androidx.core.app.CoreComponentFactory"
50-->[androidx.core:core:1.15.0] AndroidManifest.xml:28:18-86
51        android:dataExtractionRules="@xml/data_extraction_rules"
51-->src\main\AndroidManifest.xml:15:9-65
52        android:debuggable="true"
53        android:extractNativeLibs="false"
54        android:fullBackupContent="@xml/backup_rules"
54-->src\main\AndroidManifest.xml:16:9-54
55        android:icon="@mipmap/ic_launcher"
55-->src\main\AndroidManifest.xml:17:9-43
56        android:label="@string/app_name"
56-->src\main\AndroidManifest.xml:18:9-41
57        android:roundIcon="@mipmap/ic_launcher_round"
57-->src\main\AndroidManifest.xml:19:9-54
58        android:supportsRtl="true"
58-->src\main\AndroidManifest.xml:20:9-35
59        android:testOnly="true"
60        android:theme="@style/Theme.MyApp" >
60-->src\main\AndroidManifest.xml:21:9-43
61        <activity
61-->src\main\AndroidManifest.xml:24:9-26:40
62            android:name="com.example.doyouloveme.Login.LoginActivity"
62-->src\main\AndroidManifest.xml:25:13-48
63            android:exported="false" />
63-->src\main\AndroidManifest.xml:26:13-37
64        <activity
64-->src\main\AndroidManifest.xml:27:9-35:20
65            android:name="com.example.doyouloveme.Login.SignupActivity"
65-->src\main\AndroidManifest.xml:28:13-49
66            android:exported="true" >
66-->src\main\AndroidManifest.xml:29:13-36
67            <intent-filter>
67-->src\main\AndroidManifest.xml:30:13-34:29
68                <action android:name="android.intent.action.MAIN" />
68-->src\main\AndroidManifest.xml:31:17-69
68-->src\main\AndroidManifest.xml:31:25-66
69
70                <category android:name="android.intent.category.LAUNCHER" />
70-->src\main\AndroidManifest.xml:33:17-77
70-->src\main\AndroidManifest.xml:33:27-74
71            </intent-filter>
72        </activity>
73        <activity
73-->src\main\AndroidManifest.xml:36:9-38:48
74            android:name="com.example.doyouloveme.MainActivity"
74-->src\main\AndroidManifest.xml:37:13-41
75            android:exported="true" />
75-->src\main\AndroidManifest.xml:38:13-36
76
77        <meta-data
77-->[com.firebaseui:firebase-ui-auth:8.0.2] AndroidManifest.xml:26:9-28:69
78            android:name="com.google.android.gms.version"
78-->[com.firebaseui:firebase-ui-auth:8.0.2] AndroidManifest.xml:27:13-58
79            android:value="@integer/google_play_services_version" />
79-->[com.firebaseui:firebase-ui-auth:8.0.2] AndroidManifest.xml:28:13-66
80        <meta-data
80-->[com.firebaseui:firebase-ui-auth:8.0.2] AndroidManifest.xml:29:9-31:63
81            android:name="com.facebook.sdk.ApplicationId"
81-->[com.firebaseui:firebase-ui-auth:8.0.2] AndroidManifest.xml:30:13-58
82            android:value="@string/facebook_application_id" />
82-->[com.firebaseui:firebase-ui-auth:8.0.2] AndroidManifest.xml:31:13-60
83
84        <activity
84-->[com.firebaseui:firebase-ui-auth:8.0.2] AndroidManifest.xml:33:9-37:61
85            android:name="com.firebase.ui.auth.KickoffActivity"
85-->[com.firebaseui:firebase-ui-auth:8.0.2] AndroidManifest.xml:34:13-64
86            android:exported="false"
86-->[com.firebaseui:firebase-ui-auth:8.0.2] AndroidManifest.xml:35:13-37
87            android:label=""
87-->[com.firebaseui:firebase-ui-auth:8.0.2] AndroidManifest.xml:36:13-29
88            android:theme="@style/FirebaseUI.Transparent" />
88-->[com.firebaseui:firebase-ui-auth:8.0.2] AndroidManifest.xml:37:13-58
89        <activity
89-->[com.firebaseui:firebase-ui-auth:8.0.2] AndroidManifest.xml:38:9-42:61
90            android:name="com.firebase.ui.auth.ui.idp.SingleSignInActivity"
90-->[com.firebaseui:firebase-ui-auth:8.0.2] AndroidManifest.xml:39:13-76
91            android:exported="false"
91-->[com.firebaseui:firebase-ui-auth:8.0.2] AndroidManifest.xml:40:13-37
92            android:label=""
92-->[com.firebaseui:firebase-ui-auth:8.0.2] AndroidManifest.xml:41:13-29
93            android:theme="@style/FirebaseUI.Transparent" />
93-->[com.firebaseui:firebase-ui-auth:8.0.2] AndroidManifest.xml:42:13-58
94        <activity
94-->[com.firebaseui:firebase-ui-auth:8.0.2] AndroidManifest.xml:43:9-47:61
95            android:name="com.firebase.ui.auth.ui.credentials.CredentialSaveActivity"
95-->[com.firebaseui:firebase-ui-auth:8.0.2] AndroidManifest.xml:44:13-86
96            android:exported="false"
96-->[com.firebaseui:firebase-ui-auth:8.0.2] AndroidManifest.xml:45:13-37
97            android:label=""
97-->[com.firebaseui:firebase-ui-auth:8.0.2] AndroidManifest.xml:46:13-29
98            android:theme="@style/FirebaseUI.Transparent" />
98-->[com.firebaseui:firebase-ui-auth:8.0.2] AndroidManifest.xml:47:13-58
99        <activity
99-->[com.firebaseui:firebase-ui-auth:8.0.2] AndroidManifest.xml:48:9-52:58
100            android:name="com.firebase.ui.auth.ui.email.RecoverPasswordActivity"
100-->[com.firebaseui:firebase-ui-auth:8.0.2] AndroidManifest.xml:49:13-81
101            android:exported="false"
101-->[com.firebaseui:firebase-ui-auth:8.0.2] AndroidManifest.xml:50:13-37
102            android:label="@string/fui_title_recover_password_activity"
102-->[com.firebaseui:firebase-ui-auth:8.0.2] AndroidManifest.xml:51:13-72
103            android:windowSoftInputMode="adjustResize" />
103-->[com.firebaseui:firebase-ui-auth:8.0.2] AndroidManifest.xml:52:13-55
104        <activity
104-->[com.firebaseui:firebase-ui-auth:8.0.2] AndroidManifest.xml:53:9-57:58
105            android:name="com.firebase.ui.auth.ui.email.EmailActivity"
105-->[com.firebaseui:firebase-ui-auth:8.0.2] AndroidManifest.xml:54:13-71
106            android:exported="false"
106-->[com.firebaseui:firebase-ui-auth:8.0.2] AndroidManifest.xml:55:13-37
107            android:label="@string/fui_sign_in_default"
107-->[com.firebaseui:firebase-ui-auth:8.0.2] AndroidManifest.xml:56:13-56
108            android:windowSoftInputMode="adjustResize" />
108-->[com.firebaseui:firebase-ui-auth:8.0.2] AndroidManifest.xml:57:13-55
109        <activity
109-->[com.firebaseui:firebase-ui-auth:8.0.2] AndroidManifest.xml:58:9-62:77
110            android:name="com.firebase.ui.auth.ui.phone.PhoneActivity"
110-->[com.firebaseui:firebase-ui-auth:8.0.2] AndroidManifest.xml:59:13-71
111            android:exported="false"
111-->[com.firebaseui:firebase-ui-auth:8.0.2] AndroidManifest.xml:60:13-37
112            android:label="@string/fui_sign_in_with_phone_number"
112-->[com.firebaseui:firebase-ui-auth:8.0.2] AndroidManifest.xml:61:13-66
113            android:windowSoftInputMode="adjustResize|stateAlwaysVisible" />
113-->[com.firebaseui:firebase-ui-auth:8.0.2] AndroidManifest.xml:62:13-74
114        <activity
114-->[com.firebaseui:firebase-ui-auth:8.0.2] AndroidManifest.xml:63:9-67:58
115            android:name="com.firebase.ui.auth.ui.idp.WelcomeBackIdpPrompt"
115-->[com.firebaseui:firebase-ui-auth:8.0.2] AndroidManifest.xml:64:13-76
116            android:exported="false"
116-->[com.firebaseui:firebase-ui-auth:8.0.2] AndroidManifest.xml:65:13-37
117            android:label="@string/fui_title_welcome_back_idp_prompt"
117-->[com.firebaseui:firebase-ui-auth:8.0.2] AndroidManifest.xml:66:13-70
118            android:windowSoftInputMode="adjustResize" />
118-->[com.firebaseui:firebase-ui-auth:8.0.2] AndroidManifest.xml:67:13-55
119        <activity
119-->[com.firebaseui:firebase-ui-auth:8.0.2] AndroidManifest.xml:68:9-72:58
120            android:name="com.firebase.ui.auth.ui.email.WelcomeBackPasswordPrompt"
120-->[com.firebaseui:firebase-ui-auth:8.0.2] AndroidManifest.xml:69:13-83
121            android:exported="false"
121-->[com.firebaseui:firebase-ui-auth:8.0.2] AndroidManifest.xml:70:13-37
122            android:label="@string/fui_title_welcome_back_password_prompt"
122-->[com.firebaseui:firebase-ui-auth:8.0.2] AndroidManifest.xml:71:13-75
123            android:windowSoftInputMode="adjustResize" />
123-->[com.firebaseui:firebase-ui-auth:8.0.2] AndroidManifest.xml:72:13-55
124        <activity
124-->[com.firebaseui:firebase-ui-auth:8.0.2] AndroidManifest.xml:73:9-77:58
125            android:name="com.firebase.ui.auth.ui.email.WelcomeBackEmailLinkPrompt"
125-->[com.firebaseui:firebase-ui-auth:8.0.2] AndroidManifest.xml:74:13-84
126            android:exported="false"
126-->[com.firebaseui:firebase-ui-auth:8.0.2] AndroidManifest.xml:75:13-37
127            android:label="@string/fui_title_welcome_back_password_prompt"
127-->[com.firebaseui:firebase-ui-auth:8.0.2] AndroidManifest.xml:76:13-75
128            android:windowSoftInputMode="adjustResize" />
128-->[com.firebaseui:firebase-ui-auth:8.0.2] AndroidManifest.xml:77:13-55
129        <activity
129-->[com.firebaseui:firebase-ui-auth:8.0.2] AndroidManifest.xml:78:9-83:58
130            android:name="com.firebase.ui.auth.ui.email.EmailLinkCatcherActivity"
130-->[com.firebaseui:firebase-ui-auth:8.0.2] AndroidManifest.xml:79:13-82
131            android:exported="false"
131-->[com.firebaseui:firebase-ui-auth:8.0.2] AndroidManifest.xml:80:13-37
132            android:label=""
132-->[com.firebaseui:firebase-ui-auth:8.0.2] AndroidManifest.xml:81:13-29
133            android:theme="@style/FirebaseUI.Transparent"
133-->[com.firebaseui:firebase-ui-auth:8.0.2] AndroidManifest.xml:82:13-58
134            android:windowSoftInputMode="adjustResize" />
134-->[com.firebaseui:firebase-ui-auth:8.0.2] AndroidManifest.xml:83:13-55
135        <activity
135-->[com.firebaseui:firebase-ui-auth:8.0.2] AndroidManifest.xml:84:9-88:58
136            android:name="com.firebase.ui.auth.ui.email.EmailLinkErrorRecoveryActivity"
136-->[com.firebaseui:firebase-ui-auth:8.0.2] AndroidManifest.xml:85:13-88
137            android:exported="false"
137-->[com.firebaseui:firebase-ui-auth:8.0.2] AndroidManifest.xml:86:13-37
138            android:label="@string/fui_sign_in_default"
138-->[com.firebaseui:firebase-ui-auth:8.0.2] AndroidManifest.xml:87:13-56
139            android:windowSoftInputMode="adjustResize" />
139-->[com.firebaseui:firebase-ui-auth:8.0.2] AndroidManifest.xml:88:13-55
140        <activity
140-->[com.firebaseui:firebase-ui-auth:8.0.2] AndroidManifest.xml:89:9-92:65
141            android:name="com.firebase.ui.auth.ui.idp.AuthMethodPickerActivity"
141-->[com.firebaseui:firebase-ui-auth:8.0.2] AndroidManifest.xml:90:13-80
142            android:exported="false"
142-->[com.firebaseui:firebase-ui-auth:8.0.2] AndroidManifest.xml:91:13-37
143            android:label="@string/fui_default_toolbar_title" />
143-->[com.firebaseui:firebase-ui-auth:8.0.2] AndroidManifest.xml:92:13-62
144        <activity
144-->[com.firebaseui:firebase-ui-auth:8.0.2] AndroidManifest.xml:93:9-97:48
145            android:name="com.facebook.FacebookActivity"
145-->[com.firebaseui:firebase-ui-auth:8.0.2] AndroidManifest.xml:94:13-57
146            android:configChanges="keyboard|keyboardHidden|screenLayout|screenSize|orientation"
146-->[com.firebaseui:firebase-ui-auth:8.0.2] AndroidManifest.xml:95:13-96
147            android:label="@string/app_name" />
147-->[com.firebaseui:firebase-ui-auth:8.0.2] AndroidManifest.xml:96:13-45
148        <activity
148-->[com.firebaseui:firebase-ui-auth:8.0.2] AndroidManifest.xml:98:9-110:20
149            android:name="com.facebook.CustomTabActivity"
149-->[com.firebaseui:firebase-ui-auth:8.0.2] AndroidManifest.xml:99:13-58
150            android:exported="true" >
150-->[com.firebaseui:firebase-ui-auth:8.0.2] AndroidManifest.xml:100:13-36
151            <intent-filter>
151-->[com.firebaseui:firebase-ui-auth:8.0.2] AndroidManifest.xml:102:13-109:29
152                <action android:name="android.intent.action.VIEW" />
152-->[com.firebaseui:firebase-ui-auth:8.0.2] AndroidManifest.xml:17:13-65
152-->[com.firebaseui:firebase-ui-auth:8.0.2] AndroidManifest.xml:17:21-62
153
154                <category android:name="android.intent.category.DEFAULT" />
154-->[com.firebaseui:firebase-ui-auth:8.0.2] AndroidManifest.xml:105:17-76
154-->[com.firebaseui:firebase-ui-auth:8.0.2] AndroidManifest.xml:105:27-73
155                <category android:name="android.intent.category.BROWSABLE" />
155-->[com.firebaseui:firebase-ui-auth:8.0.2] AndroidManifest.xml:19:13-74
155-->[com.firebaseui:firebase-ui-auth:8.0.2] AndroidManifest.xml:19:23-71
156
157                <data android:scheme="@string/facebook_login_protocol_scheme" />
157-->[com.firebaseui:firebase-ui-auth:8.0.2] AndroidManifest.xml:21:13-43
157-->[com.firebaseui:firebase-ui-auth:8.0.2] AndroidManifest.xml:21:19-40
158            </intent-filter>
159        </activity>
160
161        <provider
161-->[com.firebaseui:firebase-ui-auth:8.0.2] AndroidManifest.xml:112:9-116:38
162            android:name="com.firebase.ui.auth.data.client.AuthUiInitProvider"
162-->[com.firebaseui:firebase-ui-auth:8.0.2] AndroidManifest.xml:113:13-79
163            android:authorities="com.example.doyouloveme.authuiinitprovider"
163-->[com.firebaseui:firebase-ui-auth:8.0.2] AndroidManifest.xml:114:13-70
164            android:exported="false"
164-->[com.firebaseui:firebase-ui-auth:8.0.2] AndroidManifest.xml:115:13-37
165            android:initOrder="90" />
165-->[com.firebaseui:firebase-ui-auth:8.0.2] AndroidManifest.xml:116:13-35
166
167        <service
167-->[com.google.firebase:firebase-auth-ktx:23.1.0] AndroidManifest.xml:8:9-14:19
168            android:name="com.google.firebase.components.ComponentDiscoveryService"
168-->[com.google.firebase:firebase-auth-ktx:23.1.0] AndroidManifest.xml:9:13-84
169            android:directBootAware="true"
169-->[com.google.firebase:firebase-common:21.0.0] AndroidManifest.xml:32:13-43
170            android:exported="false" >
170-->[com.google.firebase:firebase-auth-ktx:23.1.0] AndroidManifest.xml:10:13-37
171            <meta-data
171-->[com.google.firebase:firebase-auth-ktx:23.1.0] AndroidManifest.xml:11:13-13:85
172                android:name="com.google.firebase.components:com.google.firebase.auth.ktx.FirebaseAuthLegacyRegistrar"
172-->[com.google.firebase:firebase-auth-ktx:23.1.0] AndroidManifest.xml:12:17-119
173                android:value="com.google.firebase.components.ComponentRegistrar" />
173-->[com.google.firebase:firebase-auth-ktx:23.1.0] AndroidManifest.xml:13:17-82
174            <meta-data
174-->[com.google.firebase:firebase-auth:23.1.0] AndroidManifest.xml:69:13-71:85
175                android:name="com.google.firebase.components:com.google.firebase.auth.FirebaseAuthRegistrar"
175-->[com.google.firebase:firebase-auth:23.1.0] AndroidManifest.xml:70:17-109
176                android:value="com.google.firebase.components.ComponentRegistrar" />
176-->[com.google.firebase:firebase-auth:23.1.0] AndroidManifest.xml:71:17-82
177            <meta-data
177-->[com.google.firebase:firebase-firestore:25.1.1] AndroidManifest.xml:17:13-19:85
178                android:name="com.google.firebase.components:com.google.firebase.firestore.FirebaseFirestoreKtxRegistrar"
178-->[com.google.firebase:firebase-firestore:25.1.1] AndroidManifest.xml:18:17-122
179                android:value="com.google.firebase.components.ComponentRegistrar" />
179-->[com.google.firebase:firebase-firestore:25.1.1] AndroidManifest.xml:19:17-82
180            <meta-data
180-->[com.google.firebase:firebase-firestore:25.1.1] AndroidManifest.xml:20:13-22:85
181                android:name="com.google.firebase.components:com.google.firebase.firestore.FirestoreRegistrar"
181-->[com.google.firebase:firebase-firestore:25.1.1] AndroidManifest.xml:21:17-111
182                android:value="com.google.firebase.components.ComponentRegistrar" />
182-->[com.google.firebase:firebase-firestore:25.1.1] AndroidManifest.xml:22:17-82
183            <meta-data
183-->[com.google.firebase:firebase-database:21.0.0] AndroidManifest.xml:29:13-31:85
184                android:name="com.google.firebase.components:com.google.firebase.database.FirebaseDatabaseKtxRegistrar"
184-->[com.google.firebase:firebase-database:21.0.0] AndroidManifest.xml:30:17-120
185                android:value="com.google.firebase.components.ComponentRegistrar" />
185-->[com.google.firebase:firebase-database:21.0.0] AndroidManifest.xml:31:17-82
186            <meta-data
186-->[com.google.firebase:firebase-database:21.0.0] AndroidManifest.xml:32:13-34:85
187                android:name="com.google.firebase.components:com.google.firebase.database.DatabaseRegistrar"
187-->[com.google.firebase:firebase-database:21.0.0] AndroidManifest.xml:33:17-109
188                android:value="com.google.firebase.components.ComponentRegistrar" />
188-->[com.google.firebase:firebase-database:21.0.0] AndroidManifest.xml:34:17-82
189            <meta-data
189-->[com.google.firebase:firebase-storage:21.0.1] AndroidManifest.xml:30:13-32:85
190                android:name="com.google.firebase.components:com.google.firebase.storage.FirebaseStorageKtxRegistrar"
190-->[com.google.firebase:firebase-storage:21.0.1] AndroidManifest.xml:31:17-118
191                android:value="com.google.firebase.components.ComponentRegistrar" />
191-->[com.google.firebase:firebase-storage:21.0.1] AndroidManifest.xml:32:17-82
192            <meta-data
192-->[com.google.firebase:firebase-storage:21.0.1] AndroidManifest.xml:33:13-35:85
193                android:name="com.google.firebase.components:com.google.firebase.storage.StorageRegistrar"
193-->[com.google.firebase:firebase-storage:21.0.1] AndroidManifest.xml:34:17-107
194                android:value="com.google.firebase.components.ComponentRegistrar" />
194-->[com.google.firebase:firebase-storage:21.0.1] AndroidManifest.xml:35:17-82
195            <meta-data
195-->[com.google.android.gms:play-services-measurement-api:22.1.2] AndroidManifest.xml:37:13-39:85
196                android:name="com.google.firebase.components:com.google.firebase.analytics.connector.internal.AnalyticsConnectorRegistrar"
196-->[com.google.android.gms:play-services-measurement-api:22.1.2] AndroidManifest.xml:38:17-139
197                android:value="com.google.firebase.components.ComponentRegistrar" />
197-->[com.google.android.gms:play-services-measurement-api:22.1.2] AndroidManifest.xml:39:17-82
198            <meta-data
198-->[com.google.firebase:firebase-appcheck:18.0.0] AndroidManifest.xml:25:13-27:85
199                android:name="com.google.firebase.components:com.google.firebase.appcheck.FirebaseAppCheckKtxRegistrar"
199-->[com.google.firebase:firebase-appcheck:18.0.0] AndroidManifest.xml:26:17-120
200                android:value="com.google.firebase.components.ComponentRegistrar" />
200-->[com.google.firebase:firebase-appcheck:18.0.0] AndroidManifest.xml:27:17-82
201            <meta-data
201-->[com.google.firebase:firebase-appcheck:18.0.0] AndroidManifest.xml:28:13-30:85
202                android:name="com.google.firebase.components:com.google.firebase.appcheck.FirebaseAppCheckRegistrar"
202-->[com.google.firebase:firebase-appcheck:18.0.0] AndroidManifest.xml:29:17-117
203                android:value="com.google.firebase.components.ComponentRegistrar" />
203-->[com.google.firebase:firebase-appcheck:18.0.0] AndroidManifest.xml:30:17-82
204            <meta-data
204-->[com.google.firebase:firebase-installations:18.0.0] AndroidManifest.xml:15:13-17:85
205                android:name="com.google.firebase.components:com.google.firebase.installations.FirebaseInstallationsKtxRegistrar"
205-->[com.google.firebase:firebase-installations:18.0.0] AndroidManifest.xml:16:17-130
206                android:value="com.google.firebase.components.ComponentRegistrar" />
206-->[com.google.firebase:firebase-installations:18.0.0] AndroidManifest.xml:17:17-82
207            <meta-data
207-->[com.google.firebase:firebase-installations:18.0.0] AndroidManifest.xml:18:13-20:85
208                android:name="com.google.firebase.components:com.google.firebase.installations.FirebaseInstallationsRegistrar"
208-->[com.google.firebase:firebase-installations:18.0.0] AndroidManifest.xml:19:17-127
209                android:value="com.google.firebase.components.ComponentRegistrar" />
209-->[com.google.firebase:firebase-installations:18.0.0] AndroidManifest.xml:20:17-82
210            <meta-data
210-->[com.google.firebase:firebase-common-ktx:21.0.0] AndroidManifest.xml:12:13-14:85
211                android:name="com.google.firebase.components:com.google.firebase.ktx.FirebaseCommonLegacyRegistrar"
211-->[com.google.firebase:firebase-common-ktx:21.0.0] AndroidManifest.xml:13:17-116
212                android:value="com.google.firebase.components.ComponentRegistrar" />
212-->[com.google.firebase:firebase-common-ktx:21.0.0] AndroidManifest.xml:14:17-82
213            <meta-data
213-->[com.google.firebase:firebase-common:21.0.0] AndroidManifest.xml:35:13-37:85
214                android:name="com.google.firebase.components:com.google.firebase.FirebaseCommonKtxRegistrar"
214-->[com.google.firebase:firebase-common:21.0.0] AndroidManifest.xml:36:17-109
215                android:value="com.google.firebase.components.ComponentRegistrar" />
215-->[com.google.firebase:firebase-common:21.0.0] AndroidManifest.xml:37:17-82
216        </service>
217
218        <activity
218-->[com.google.firebase:firebase-auth:23.1.0] AndroidManifest.xml:29:9-46:20
219            android:name="com.google.firebase.auth.internal.GenericIdpActivity"
219-->[com.google.firebase:firebase-auth:23.1.0] AndroidManifest.xml:30:13-80
220            android:excludeFromRecents="true"
220-->[com.google.firebase:firebase-auth:23.1.0] AndroidManifest.xml:31:13-46
221            android:exported="true"
221-->[com.google.firebase:firebase-auth:23.1.0] AndroidManifest.xml:32:13-36
222            android:launchMode="singleTask"
222-->[com.google.firebase:firebase-auth:23.1.0] AndroidManifest.xml:33:13-44
223            android:theme="@android:style/Theme.Translucent.NoTitleBar" >
223-->[com.google.firebase:firebase-auth:23.1.0] AndroidManifest.xml:34:13-72
224            <intent-filter>
224-->[com.google.firebase:firebase-auth:23.1.0] AndroidManifest.xml:35:13-45:29
225                <action android:name="android.intent.action.VIEW" />
225-->[com.firebaseui:firebase-ui-auth:8.0.2] AndroidManifest.xml:17:13-65
225-->[com.firebaseui:firebase-ui-auth:8.0.2] AndroidManifest.xml:17:21-62
226
227                <category android:name="android.intent.category.DEFAULT" />
227-->[com.firebaseui:firebase-ui-auth:8.0.2] AndroidManifest.xml:105:17-76
227-->[com.firebaseui:firebase-ui-auth:8.0.2] AndroidManifest.xml:105:27-73
228                <category android:name="android.intent.category.BROWSABLE" />
228-->[com.firebaseui:firebase-ui-auth:8.0.2] AndroidManifest.xml:19:13-74
228-->[com.firebaseui:firebase-ui-auth:8.0.2] AndroidManifest.xml:19:23-71
229
230                <data
230-->[com.firebaseui:firebase-ui-auth:8.0.2] AndroidManifest.xml:21:13-43
231                    android:host="firebase.auth"
232                    android:path="/"
233                    android:scheme="genericidp" />
233-->[com.firebaseui:firebase-ui-auth:8.0.2] AndroidManifest.xml:21:19-40
234            </intent-filter>
235        </activity>
236        <activity
236-->[com.google.firebase:firebase-auth:23.1.0] AndroidManifest.xml:47:9-64:20
237            android:name="com.google.firebase.auth.internal.RecaptchaActivity"
237-->[com.google.firebase:firebase-auth:23.1.0] AndroidManifest.xml:48:13-79
238            android:excludeFromRecents="true"
238-->[com.google.firebase:firebase-auth:23.1.0] AndroidManifest.xml:49:13-46
239            android:exported="true"
239-->[com.google.firebase:firebase-auth:23.1.0] AndroidManifest.xml:50:13-36
240            android:launchMode="singleTask"
240-->[com.google.firebase:firebase-auth:23.1.0] AndroidManifest.xml:51:13-44
241            android:theme="@android:style/Theme.Translucent.NoTitleBar" >
241-->[com.google.firebase:firebase-auth:23.1.0] AndroidManifest.xml:52:13-72
242            <intent-filter>
242-->[com.google.firebase:firebase-auth:23.1.0] AndroidManifest.xml:53:13-63:29
243                <action android:name="android.intent.action.VIEW" />
243-->[com.firebaseui:firebase-ui-auth:8.0.2] AndroidManifest.xml:17:13-65
243-->[com.firebaseui:firebase-ui-auth:8.0.2] AndroidManifest.xml:17:21-62
244
245                <category android:name="android.intent.category.DEFAULT" />
245-->[com.firebaseui:firebase-ui-auth:8.0.2] AndroidManifest.xml:105:17-76
245-->[com.firebaseui:firebase-ui-auth:8.0.2] AndroidManifest.xml:105:27-73
246                <category android:name="android.intent.category.BROWSABLE" />
246-->[com.firebaseui:firebase-ui-auth:8.0.2] AndroidManifest.xml:19:13-74